<?xml version="1.0" encoding="UTF-8" ?>
<testsuite tests="1" failures="1" name="nl.uva.bigdata.hadoop.exercise1.InvertedIndexLocalTest" time="2.566" errors="0" skipped="0">
  <properties>
[...]
</properties>
  <testcase classname="nl.uva.bigdata.hadoop.exercise1.InvertedIndexLocalTest" name="buildIndex" time="2.566">
    <failure type="java.lang.AssertionError:">java.lang.AssertionError: 
	at org.junit.Assert.fail(Assert.java:91)
	at org.junit.Assert.assertTrue(Assert.java:43)
	at org.junit.Assert.assertTrue(Assert.java:54)
	at nl.uva.bigdata.hadoop.exercise1.InvertedIndexLocalTest.buildIndex(InvertedIndexLocalTest.java:37)
	at sun.reflect.NativeMethodAccessorImpl.invoke0(Native Method)
	at sun.reflect.NativeMethodAccessorImpl.invoke(NativeMethodAccessorImpl.java:62)
	at sun.reflect.DelegatingMethodAccessorImpl.invoke(DelegatingMethodAccessorImpl.java:43)
	at java.lang.reflect.Method.invoke(Method.java:498)
	at org.junit.runners.model.FrameworkMethod$1.runReflectiveCall(FrameworkMethod.java:44)
	at org.junit.internal.runners.model.ReflectiveCallable.run(ReflectiveCallable.java:15)
	at org.junit.runners.model.FrameworkMethod.invokeExplosively(FrameworkMethod.java:41)
	at org.junit.internal.runners.statements.InvokeMethod.evaluate(InvokeMethod.java:20)
	at org.junit.internal.runners.statements.RunBefores.evaluate(RunBefores.java:28)
	at org.junit.internal.runners.statements.RunAfters.evaluate(RunAfters.java:31)
	at org.junit.runners.BlockJUnit4ClassRunner.runNotIgnored(BlockJUnit4ClassRunner.java:79)
	at org.junit.runners.BlockJUnit4ClassRunner.runChild(BlockJUnit4ClassRunner.java:71)
	at org.junit.runners.BlockJUnit4ClassRunner.runChild(BlockJUnit4ClassRunner.java:49)
	at org.junit.runners.ParentRunner$3.run(ParentRunner.java:193)
	at org.junit.runners.ParentRunner$1.schedule(ParentRunner.java:52)
	at org.junit.runners.ParentRunner.runChildren(ParentRunner.java:191)
	at org.junit.runners.ParentRunner.access$000(ParentRunner.java:42)
	at org.junit.runners.ParentRunner$2.evaluate(ParentRunner.java:184)
	at org.junit.runners.ParentRunner.run(ParentRunner.java:236)
	at org.apache.maven.surefire.junit4.JUnit4Provider.execute(JUnit4Provider.java:252)
	at org.apache.maven.surefire.junit4.JUnit4Provider.executeTestSet(JUnit4Provider.java:141)
	at org.apache.maven.surefire.junit4.JUnit4Provider.invoke(JUnit4Provider.java:112)
	at sun.reflect.NativeMethodAccessorImpl.invoke0(Native Method)
	at sun.reflect.NativeMethodAccessorImpl.invoke(NativeMethodAccessorImpl.java:62)
	at sun.reflect.DelegatingMethodAccessorImpl.invoke(DelegatingMethodAccessorImpl.java:43)
	at java.lang.reflect.Method.invoke(Method.java:498)
	at org.apache.maven.surefire.util.ReflectionUtils.invokeMethodWithArray(ReflectionUtils.java:189)
	at org.apache.maven.surefire.booter.ProviderFactory$ProviderProxy.invoke(ProviderFactory.java:165)
	at org.apache.maven.surefire.booter.ProviderFactory.invokeProvider(ProviderFactory.java:85)
	at org.apache.maven.surefire.booter.ForkedBooter.runSuitesInProcess(ForkedBooter.java:115)
	at org.apache.maven.surefire.booter.ForkedBooter.main(ForkedBooter.java:75)
</failure>
    <system-out>2021-02-12 11:57:11,798 WARN  [main] util.NativeCodeLoader (NativeCodeLoader.java:&lt;clinit&gt;(62)) - Unable to load native-hadoop library for your platform... using builtin-java classes where applicable
2021-02-12 11:57:11,865 INFO  [main] Configuration.deprecation (Configuration.java:warnOnceIfDeprecated(1129)) - mapred.input.dir is deprecated. Instead, use mapreduce.input.fileinputformat.inputdir
2021-02-12 11:57:11,865 INFO  [main] Configuration.deprecation (Configuration.java:warnOnceIfDeprecated(1129)) - mapred.compress.map.output is deprecated. Instead, use mapreduce.map.output.compress
2021-02-12 11:57:11,865 INFO  [main] Configuration.deprecation (Configuration.java:warnOnceIfDeprecated(1129)) - mapred.output.dir is deprecated. Instead, use mapreduce.output.fileoutputformat.outputdir
2021-02-12 11:57:11,956 INFO  [main] Configuration.deprecation (Configuration.java:warnOnceIfDeprecated(1129)) - session.id is deprecated. Instead, use dfs.metrics.session-id
2021-02-12 11:57:11,957 INFO  [main] jvm.JvmMetrics (JvmMetrics.java:init(76)) - Initializing JVM Metrics with processName=JobTracker, sessionId=
2021-02-12 11:57:12,450 WARN  [main] mapreduce.JobResourceUploader (JobResourceUploader.java:uploadFiles(64)) - Hadoop command-line option parsing not performed. Implement the Tool interface and execute your application with ToolRunner to remedy this.
2021-02-12 11:57:12,456 WARN  [main] mapreduce.JobResourceUploader (JobResourceUploader.java:uploadFiles(171)) - No job jar file set.  User classes may not be found. See Job or Job#setJar(String).
2021-02-12 11:57:12,467 INFO  [main] input.FileInputFormat (FileInputFormat.java:listStatus(281)) - Total input paths to process : 1
2021-02-12 11:57:12,531 INFO  [main] mapreduce.JobSubmitter (JobSubmitter.java:submitJobInternal(199)) - number of splits:1
2021-02-12 11:57:12,637 INFO  [main] mapreduce.JobSubmitter (JobSubmitter.java:printTokens(288)) - Submitting tokens for job: job_local1919830103_0001
2021-02-12 11:57:12,755 INFO  [main] mapreduce.Job (Job.java:submit(1301)) - The url to track the job: http://localhost:8080/
2021-02-12 11:57:12,756 INFO  [main] mapreduce.Job (Job.java:monitorAndPrintJob(1346)) - Running job: job_local1919830103_0001
2021-02-12 11:57:12,757 INFO  [Thread-17] mapred.LocalJobRunner (LocalJobRunner.java:createOutputCommitter(471)) - OutputCommitter set in config null
2021-02-12 11:57:12,765 INFO  [Thread-17] mapred.LocalJobRunner (LocalJobRunner.java:createOutputCommitter(489)) - OutputCommitter is org.apache.hadoop.mapreduce.lib.output.FileOutputCommitter
2021-02-12 11:57:12,803 INFO  [Thread-17] mapred.LocalJobRunner (LocalJobRunner.java:runTasks(448)) - Waiting for map tasks
2021-02-12 11:57:12,803 INFO  [LocalJobRunner Map Task Executor #0] mapred.LocalJobRunner (LocalJobRunner.java:run(224)) - Starting task: attempt_local1919830103_0001_m_000000_0
2021-02-12 11:57:12,833 INFO  [LocalJobRunner Map Task Executor #0] util.ProcfsBasedProcessTree (ProcfsBasedProcessTree.java:isAvailable(181)) - ProcfsBasedProcessTree currently is supported only on Linux.
2021-02-12 11:57:12,834 INFO  [LocalJobRunner Map Task Executor #0] mapred.Task (Task.java:initialize(587)) -  Using ResourceCalculatorProcessTree : null
2021-02-12 11:57:12,836 INFO  [LocalJobRunner Map Task Executor #0] mapred.MapTask (MapTask.java:runNewMapper(753)) - Processing split: file:/var/folders/ch/7kk29rb92nj7tpnwxsxqk11h0000gn/T/mahout-InvertedIndexLocalTest-2615246085219872768/websites.tsv:0+654
2021-02-12 11:57:12,909 INFO  [LocalJobRunner Map Task Executor #0] mapred.MapTask (MapTask.java:setEquator(1202)) - (EQUATOR) 0 kvi 26214396(104857584)
2021-02-12 11:57:12,909 INFO  [LocalJobRunner Map Task Executor #0] mapred.MapTask (MapTask.java:init(995)) - mapreduce.task.io.sort.mb: 100
2021-02-12 11:57:12,909 INFO  [LocalJobRunner Map Task Executor #0] mapred.MapTask (MapTask.java:init(996)) - soft limit at 83886080
2021-02-12 11:57:12,909 INFO  [LocalJobRunner Map Task Executor #0] mapred.MapTask (MapTask.java:init(997)) - bufstart = 0; bufvoid = 104857600
2021-02-12 11:57:12,909 INFO  [LocalJobRunner Map Task Executor #0] mapred.MapTask (MapTask.java:init(998)) - kvstart = 26214396; length = 6553600
2021-02-12 11:57:12,912 INFO  [LocalJobRunner Map Task Executor #0] mapred.MapTask (MapTask.java:createSortingCollector(402)) - Map output collector class = org.apache.hadoop.mapred.MapTask$MapOutputBuffer
0
1	https://en.wikipedia.org/wiki/Apache_Hadoop	Apache Hadoop is a collection of open-source software utilities that facilitates using a network of many computers to solve problems involving massive amounts of data and computation.
230
2	https://en.wikipedia.org/wiki/Apache_Spark	Apache Spark is an open-source distributed general-purpose cluster-computing framework. Spark provides an interface for programming entire clusters with implicit data parallelism and fault tolerance.
475
3	https://en.wikipedia.org/wiki/Apache_Flink	Apache Flink is an open-source, unified stream-processing and batch-processing framework developed by the Apache Software Foundation.
2021-02-12 11:57:12,917 INFO  [LocalJobRunner Map Task Executor #0] mapred.LocalJobRunner (LocalJobRunner.java:statusUpdate(591)) - 
2021-02-12 11:57:12,917 INFO  [LocalJobRunner Map Task Executor #0] mapred.MapTask (MapTask.java:flush(1457)) - Starting flush of map output
2021-02-12 11:57:12,925 INFO  [LocalJobRunner Map Task Executor #0] compress.CodecPool (CodecPool.java:getCompressor(151)) - Got brand-new compressor [.deflate]
2021-02-12 11:57:12,932 INFO  [LocalJobRunner Map Task Executor #0] mapred.Task (Task.java:done(1001)) - Task:attempt_local1919830103_0001_m_000000_0 is done. And is in the process of committing
2021-02-12 11:57:12,937 INFO  [LocalJobRunner Map Task Executor #0] mapred.LocalJobRunner (LocalJobRunner.java:statusUpdate(591)) - map
2021-02-12 11:57:12,937 INFO  [LocalJobRunner Map Task Executor #0] mapred.Task (Task.java:sendDone(1121)) - Task &apos;attempt_local1919830103_0001_m_000000_0&apos; done.
2021-02-12 11:57:12,937 INFO  [LocalJobRunner Map Task Executor #0] mapred.LocalJobRunner (LocalJobRunner.java:run(249)) - Finishing task: attempt_local1919830103_0001_m_000000_0
2021-02-12 11:57:12,937 INFO  [Thread-17] mapred.LocalJobRunner (LocalJobRunner.java:runTasks(456)) - map task executor complete.
2021-02-12 11:57:12,939 INFO  [Thread-17] mapred.LocalJobRunner (LocalJobRunner.java:runTasks(448)) - Waiting for reduce tasks
2021-02-12 11:57:12,939 INFO  [pool-3-thread-1] mapred.LocalJobRunner (LocalJobRunner.java:run(302)) - Starting task: attempt_local1919830103_0001_r_000000_0
2021-02-12 11:57:12,944 INFO  [pool-3-thread-1] util.ProcfsBasedProcessTree (ProcfsBasedProcessTree.java:isAvailable(181)) - ProcfsBasedProcessTree currently is supported only on Linux.
2021-02-12 11:57:12,944 INFO  [pool-3-thread-1] mapred.Task (Task.java:initialize(587)) -  Using ResourceCalculatorProcessTree : null
2021-02-12 11:57:12,947 INFO  [pool-3-thread-1] mapred.ReduceTask (ReduceTask.java:run(362)) - Using ShuffleConsumerPlugin: org.apache.hadoop.mapreduce.task.reduce.Shuffle@2d7ac95a
2021-02-12 11:57:12,960 INFO  [pool-3-thread-1] reduce.MergeManagerImpl (MergeManagerImpl.java:&lt;init&gt;(197)) - MergerManager: memoryLimit=2672505600, maxSingleShuffleLimit=668126400, mergeThreshold=1763853824, ioSortFactor=10, memToMemMergeOutputsThreshold=10
2021-02-12 11:57:12,962 INFO  [EventFetcher for fetching Map Completion Events] reduce.EventFetcher (EventFetcher.java:run(61)) - attempt_local1919830103_0001_r_000000_0 Thread started: EventFetcher for fetching Map Completion Events
2021-02-12 11:57:13,001 INFO  [localfetcher#1] compress.CodecPool (CodecPool.java:getDecompressor(179)) - Got brand-new decompressor [.deflate]
2021-02-12 11:57:13,001 INFO  [localfetcher#1] reduce.LocalFetcher (LocalFetcher.java:copyMapOutput(141)) - localfetcher#1 about to shuffle output of map attempt_local1919830103_0001_m_000000_0 decomp: 2 len: 14 to MEMORY
2021-02-12 11:57:13,013 INFO  [localfetcher#1] reduce.InMemoryMapOutput (InMemoryMapOutput.java:shuffle(100)) - Read 2 bytes from map-output for attempt_local1919830103_0001_m_000000_0
2021-02-12 11:57:13,014 INFO  [localfetcher#1] reduce.MergeManagerImpl (MergeManagerImpl.java:closeInMemoryFile(315)) - closeInMemoryFile -&gt; map-output of size: 2, inMemoryMapOutputs.size() -&gt; 1, commitMemory -&gt; 0, usedMemory -&gt;2
2021-02-12 11:57:13,015 INFO  [EventFetcher for fetching Map Completion Events] reduce.EventFetcher (EventFetcher.java:run(76)) - EventFetcher is interrupted.. Returning
2021-02-12 11:57:13,016 INFO  [pool-3-thread-1] mapred.LocalJobRunner (LocalJobRunner.java:statusUpdate(591)) - 1 / 1 copied.
2021-02-12 11:57:13,016 INFO  [pool-3-thread-1] reduce.MergeManagerImpl (MergeManagerImpl.java:finalMerge(687)) - finalMerge called with 1 in-memory map-outputs and 0 on-disk map-outputs
2021-02-12 11:57:13,023 INFO  [pool-3-thread-1] mapred.Merger (Merger.java:merge(597)) - Merging 1 sorted segments
2021-02-12 11:57:13,024 INFO  [pool-3-thread-1] mapred.Merger (Merger.java:merge(696)) - Down to the last merge-pass, with 0 segments left of total size: 0 bytes
2021-02-12 11:57:13,025 INFO  [pool-3-thread-1] reduce.MergeManagerImpl (MergeManagerImpl.java:finalMerge(754)) - Merged 1 segments, 2 bytes to disk to satisfy reduce memory limit
2021-02-12 11:57:13,025 INFO  [pool-3-thread-1] reduce.MergeManagerImpl (MergeManagerImpl.java:finalMerge(784)) - Merging 1 files, 22 bytes from disk
2021-02-12 11:57:13,026 INFO  [pool-3-thread-1] reduce.MergeManagerImpl (MergeManagerImpl.java:finalMerge(799)) - Merging 0 segments, 0 bytes from memory into reduce
2021-02-12 11:57:13,026 INFO  [pool-3-thread-1] mapred.Merger (Merger.java:merge(597)) - Merging 1 sorted segments
2021-02-12 11:57:13,027 INFO  [pool-3-thread-1] mapred.Merger (Merger.java:merge(696)) - Down to the last merge-pass, with 0 segments left of total size: 0 bytes
2021-02-12 11:57:13,027 INFO  [pool-3-thread-1] mapred.LocalJobRunner (LocalJobRunner.java:statusUpdate(591)) - 1 / 1 copied.
2021-02-12 11:57:13,038 INFO  [pool-3-thread-1] Configuration.deprecation (Configuration.java:warnOnceIfDeprecated(1129)) - mapred.skip.on is deprecated. Instead, use mapreduce.job.skiprecords
2021-02-12 11:57:13,044 INFO  [pool-3-thread-1] mapred.Task (Task.java:done(1001)) - Task:attempt_local1919830103_0001_r_000000_0 is done. And is in the process of committing
2021-02-12 11:57:13,045 INFO  [pool-3-thread-1] mapred.LocalJobRunner (LocalJobRunner.java:statusUpdate(591)) - 1 / 1 copied.
2021-02-12 11:57:13,045 INFO  [pool-3-thread-1] mapred.Task (Task.java:commit(1162)) - Task attempt_local1919830103_0001_r_000000_0 is allowed to commit now
2021-02-12 11:57:13,046 INFO  [pool-3-thread-1] output.FileOutputCommitter (FileOutputCommitter.java:commitTask(439)) - Saved output of task &apos;attempt_local1919830103_0001_r_000000_0&apos; to file:/var/folders/ch/7kk29rb92nj7tpnwxsxqk11h0000gn/T/mahout-InvertedIndexLocalTest-2615246085219872768/output/_temporary/0/task_local1919830103_0001_r_000000
2021-02-12 11:57:13,047 INFO  [pool-3-thread-1] mapred.LocalJobRunner (LocalJobRunner.java:statusUpdate(591)) - reduce &gt; reduce
2021-02-12 11:57:13,047 INFO  [pool-3-thread-1] mapred.Task (Task.java:sendDone(1121)) - Task &apos;attempt_local1919830103_0001_r_000000_0&apos; done.
2021-02-12 11:57:13,048 INFO  [pool-3-thread-1] mapred.LocalJobRunner (LocalJobRunner.java:run(325)) - Finishing task: attempt_local1919830103_0001_r_000000_0
2021-02-12 11:57:13,048 INFO  [Thread-17] mapred.LocalJobRunner (LocalJobRunner.java:runTasks(456)) - reduce task executor complete.
2021-02-12 11:57:13,762 INFO  [main] mapreduce.Job (Job.java:monitorAndPrintJob(1367)) - Job job_local1919830103_0001 running in uber mode : false
2021-02-12 11:57:13,766 INFO  [main] mapreduce.Job (Job.java:monitorAndPrintJob(1374)) -  map 100% reduce 100%
2021-02-12 11:57:13,768 INFO  [main] mapreduce.Job (Job.java:monitorAndPrintJob(1385)) - Job job_local1919830103_0001 completed successfully
2021-02-12 11:57:13,783 INFO  [main] mapreduce.Job (Job.java:monitorAndPrintJob(1392)) - Counters: 30
	File System Counters
		FILE: Number of bytes read=1850
		FILE: Number of bytes written=557938
		FILE: Number of read operations=0
		FILE: Number of large read operations=0
		FILE: Number of write operations=0
	Map-Reduce Framework
		Map input records=3
		Map output records=0
		Map output bytes=0
		Map output materialized bytes=14
		Input split bytes=181
		Combine input records=0
		Combine output records=0
		Reduce input groups=0
		Reduce shuffle bytes=14
		Reduce input records=0
		Reduce output records=0
		Spilled Records=0
		Shuffled Maps =1
		Failed Shuffles=0
		Merged Map outputs=1
		GC time elapsed (ms)=10
		Total committed heap usage (bytes)=514850816
	Shuffle Errors
		BAD_ID=0
		CONNECTION=0
		IO_ERROR=0
		WRONG_LENGTH=0
		WRONG_MAP=0
		WRONG_REDUCE=0
	File Input Format Counters 
		Bytes Read=654
	File Output Format Counters 
		Bytes Written=8
</system-out>
  </testcase>
</testsuite>